2023-01-14 09:21:47 DEBUG ClientService:16 - create: Client(id=null, name=Anna, age=21, phone=5071285785, email=anna@gmail.com, about=new)
2023-01-14 09:21:50 DEBUG ClientDaoImpl:21 - create: Client(id=null, name=Anna, age=21, phone=5071285785, email=anna@gmail.com, about=new)
2023-01-14 09:23:59 DEBUG ClientService:21 - update: Client(id=5, name=Bred, age=41, phone=93137777267, email=b@gmail.com, about=new)
2023-01-14 09:23:59 DEBUG ClientDaoImpl:34 - update: Client(id=5, name=Bred, age=41, phone=93137777267, email=b@gmail.com, about=new)
2023-01-14 09:25:57 DEBUG ClientService:26 - getById: 1
2023-01-14 09:26:00 DEBUG ClientDaoImpl:59 - getById: 1
2023-01-14 09:28:16 DEBUG ClientService:26 - getById: 5
2023-01-14 09:28:20 DEBUG ClientDaoImpl:60 - getById: 5
2023-01-14 09:28:20 DEBUG ClientService:31 - delete: Client(id=5, name=Bred, age=41, phone=93137777267, email=b@gmail.com, about=new)
2023-01-14 09:28:20 DEBUG ClientDaoImpl:47 - delete: Client(id=5, name=Bred, age=41, phone=93137777267, email=b@gmail.com, about=new)
2023-01-14 09:35:44 DEBUG ClientService:41 - getByPhone: 5071285785
2023-01-14 09:35:44 DEBUG ClientDaoImpl:90 - getByPhone: 5071285785
2023-01-14 09:42:39 DEBUG StatusService:14 - create: Status(id=null, alias=STANDARD, description=base services)
2023-01-14 09:42:43 DEBUG StatusDaoImpl:19 - create: Status(id=null, alias=STANDARD, description=base services)
2023-01-14 09:43:44 DEBUG StatusService:14 - create: Status(id=null, alias=BUSINESS, description=premium services)
2023-01-14 09:43:48 DEBUG StatusDaoImpl:19 - create: Status(id=null, alias=BUSINESS, description=premium services)
2023-01-14 09:44:04 DEBUG StatusService:14 - create: Status(id=null, alias=VIP, description=vip services)
2023-01-14 09:44:07 DEBUG StatusDaoImpl:19 - create: Status(id=null, alias=VIP, description=vip services)
2023-01-14 09:46:06 DEBUG StatusService:19 - update: Status(id=3, alias=NEW55, description=like+))
2023-01-14 09:46:06 DEBUG StatusDaoImpl:32 - update: Status(id=3, alias=NEW55, description=like+))
2023-01-14 09:48:11 DEBUG StatusService:25 - getById: 2
2023-01-14 09:48:14 DEBUG StatusDaoImpl:57 - getById: 2
2023-01-14 09:49:22 DEBUG StatusService:25 - getById: 3
2023-01-14 09:49:25 DEBUG StatusDaoImpl:58 - getById: 3
2023-01-14 09:49:25 DEBUG StatusService:30 - delete: Status(id=3, alias=NEW55, description=like+))
2023-01-14 09:49:25 DEBUG StatusDaoImpl:45 - delete: Status(id=3, alias=NEW55, description=like+))
2023-01-14 09:52:41 DEBUG AccountService:13 - create: Account(id=null, clientId=10, number=455645517, value=60.0)
2023-01-14 09:52:44 DEBUG AccountDaoImpl:19 - create: Account(id=null, clientId=10, number=455645517, value=60.0)
2023-01-14 09:54:40 DEBUG AccountService:18 - update: Account(id=34, clientId=25, number=5555555555, value=990.0)
2023-01-14 09:54:40 DEBUG AccountDaoImpl:32 - update: Account(id=34, clientId=25, number=5555555555, value=990.0)
2023-01-14 09:56:12 DEBUG AccountService:23 - getById: 2
2023-01-14 09:56:16 DEBUG AccountDaoImpl:57 - getById: 2
2023-01-14 09:57:41 DEBUG AccountService:23 - getById: 34
2023-01-14 09:57:44 DEBUG AccountDaoImpl:58 - getById: 34
2023-01-14 09:57:44 DEBUG AccountService:28 - delete: Account(id=34, clientId=25, number=5555555555, value=990.0)
2023-01-14 09:57:44 DEBUG AccountDaoImpl:45 - delete: Account(id=34, clientId=25, number=5555555555, value=990.0)
2023-01-14 09:59:35 DEBUG ClientService:26 - getById: 1
2023-01-14 09:59:36 ERROR HibernateConfig:33 - getSessionFactory
org.hibernate.service.spi.ServiceException: Unable to create requested service [org.hibernate.engine.jdbc.env.spi.JdbcEnvironment]
	at org.hibernate.service.internal.AbstractServiceRegistryImpl.createService(AbstractServiceRegistryImpl.java:275)
	at org.hibernate.service.internal.AbstractServiceRegistryImpl.initializeService(AbstractServiceRegistryImpl.java:237)
	at org.hibernate.service.internal.AbstractServiceRegistryImpl.getService(AbstractServiceRegistryImpl.java:214)
	at org.hibernate.id.factory.internal.DefaultIdentifierGeneratorFactory.injectServices(DefaultIdentifierGeneratorFactory.java:175)
	at org.hibernate.service.internal.AbstractServiceRegistryImpl.injectDependencies(AbstractServiceRegistryImpl.java:286)
	at org.hibernate.service.internal.AbstractServiceRegistryImpl.initializeService(AbstractServiceRegistryImpl.java:243)
	at org.hibernate.service.internal.AbstractServiceRegistryImpl.getService(AbstractServiceRegistryImpl.java:214)
	at org.hibernate.boot.internal.InFlightMetadataCollectorImpl.<init>(InFlightMetadataCollectorImpl.java:173)
	at org.hibernate.boot.model.process.spi.MetadataBuildingProcess.complete(MetadataBuildingProcess.java:127)
	at org.hibernate.boot.model.process.spi.MetadataBuildingProcess.build(MetadataBuildingProcess.java:86)
	at org.hibernate.boot.internal.MetadataBuilderImpl.build(MetadataBuilderImpl.java:479)
	at org.hibernate.boot.internal.MetadataBuilderImpl.build(MetadataBuilderImpl.java:85)
	at org.hibernate.cfg.Configuration.buildSessionFactory(Configuration.java:709)
	at lesson29.util.HibernateConfig.getSessionFactory(HibernateConfig.java:31)
	at lesson29.dao.ClientDaoImpl.getById(ClientDaoImpl.java:56)
	at lesson29.service.ClientService.getById(ClientService.java:27)
	at lesson29.Main.main(Main.java:38)
Caused by: org.hibernate.boot.registry.classloading.spi.ClassLoadingException: Unable to load class [org.postgresql.Driver99]
	at org.hibernate.boot.registry.classloading.internal.ClassLoaderServiceImpl.classForName(ClassLoaderServiceImpl.java:133)
	at org.hibernate.engine.jdbc.connections.internal.DriverManagerConnectionProviderImpl.loadDriverIfPossible(DriverManagerConnectionProviderImpl.java:172)
	at org.hibernate.engine.jdbc.connections.internal.DriverManagerConnectionProviderImpl.buildCreator(DriverManagerConnectionProviderImpl.java:110)
	at org.hibernate.engine.jdbc.connections.internal.DriverManagerConnectionProviderImpl.buildPool(DriverManagerConnectionProviderImpl.java:92)
	at org.hibernate.engine.jdbc.connections.internal.DriverManagerConnectionProviderImpl.configure(DriverManagerConnectionProviderImpl.java:76)
	at org.hibernate.boot.registry.internal.StandardServiceRegistryImpl.configureService(StandardServiceRegistryImpl.java:107)
	at org.hibernate.service.internal.AbstractServiceRegistryImpl.initializeService(AbstractServiceRegistryImpl.java:246)
	at org.hibernate.service.internal.AbstractServiceRegistryImpl.getService(AbstractServiceRegistryImpl.java:214)
	at org.hibernate.engine.jdbc.env.internal.JdbcEnvironmentInitiator.buildJdbcConnectionAccess(JdbcEnvironmentInitiator.java:146)
	at org.hibernate.engine.jdbc.env.internal.JdbcEnvironmentInitiator.initiateService(JdbcEnvironmentInitiator.java:66)
	at org.hibernate.engine.jdbc.env.internal.JdbcEnvironmentInitiator.initiateService(JdbcEnvironmentInitiator.java:35)
	at org.hibernate.boot.registry.internal.StandardServiceRegistryImpl.initiateService(StandardServiceRegistryImpl.java:101)
	at org.hibernate.service.internal.AbstractServiceRegistryImpl.createService(AbstractServiceRegistryImpl.java:263)
	... 16 more
Caused by: java.lang.ClassNotFoundException: Could not load requested class : org.postgresql.Driver99
	at org.hibernate.boot.registry.classloading.internal.AggregatedClassLoader.findClass(AggregatedClassLoader.java:210)
	at java.base/java.lang.ClassLoader.loadClass(ClassLoader.java:588)
	at java.base/java.lang.ClassLoader.loadClass(ClassLoader.java:521)
	at java.base/java.lang.Class.forName0(Native Method)
	at java.base/java.lang.Class.forName(Class.java:488)
	at java.base/java.lang.Class.forName(Class.java:467)
	at org.hibernate.boot.registry.classloading.internal.ClassLoaderServiceImpl.classForName(ClassLoaderServiceImpl.java:130)
	... 28 more
2023-01-14 09:59:36 ERROR Main:93 - main
java.lang.NullPointerException: Cannot invoke "org.hibernate.SessionFactory.openSession()" because "sessionFactory" is null
	at lesson29.dao.ClientDaoImpl.getById(ClientDaoImpl.java:57)
	at lesson29.service.ClientService.getById(ClientService.java:27)
	at lesson29.Main.main(Main.java:38)
2023-01-14 10:01:03 DEBUG ClientService:26 - getById: 1
2023-01-14 10:01:07 DEBUG ClientDaoImpl:60 - getById: 1
2023-01-14 10:01:07 ERROR Main:93 - main
org.hibernate.UnknownEntityTypeException: Unable to locate persister: lesson29.entity.Client
	at org.hibernate.metamodel.internal.MetamodelImpl.locateEntityPersister(MetamodelImpl.java:732)
	at org.hibernate.internal.SessionImpl.locateEntityPersister(SessionImpl.java:3037)
	at org.hibernate.internal.SessionImpl.access$1800(SessionImpl.java:202)
	at org.hibernate.internal.SessionImpl$IdentifierLoadAccessImpl.<init>(SessionImpl.java:2733)
	at org.hibernate.internal.SessionImpl$IdentifierLoadAccessImpl.<init>(SessionImpl.java:2716)
	at org.hibernate.internal.SessionImpl.byId(SessionImpl.java:1185)
	at org.hibernate.internal.SessionImpl.get(SessionImpl.java:1019)
	at lesson29.dao.ClientDaoImpl.getById(ClientDaoImpl.java:61)
	at lesson29.service.ClientService.getById(ClientService.java:27)
	at lesson29.Main.main(Main.java:38)
2023-01-22 16:12:02 DEBUG ClientService:18 - create: Client(id=null, name=null, age=0, phone=null, email=test@email.com, about=null)
2023-01-22 16:22:46 DEBUG ClientService:18 - create: Client(id=null, name=Tim, age=30, phone=5551387333, email=test@email.com, about=null)
2023-01-22 16:22:46 DEBUG ClientDaoImpl:18 - create: Client(id=null, name=Tim, age=30, phone=5551387333, email=test@email.com, about=null)
2023-01-22 16:22:50 DEBUG ClientService:31 - getById: 4
2023-01-22 16:22:50 DEBUG ClientDaoImpl:60 - getById: 4
2023-01-22 16:25:22 DEBUG ClientService:18 - create: Client(id=null, name=Tim, age=30, phone=5551387333, email=test@email.com, about=null)
2023-01-22 16:25:22 DEBUG ClientDaoImpl:18 - create: Client(id=null, name=Tim, age=30, phone=5551387333, email=test@email.com, about=null)
2023-01-22 16:25:49 DEBUG ClientService:18 - create: Client(id=null, name=Tim, age=30, phone=5551387333, email=test@email.com, about=null)
2023-01-22 16:25:49 DEBUG ClientDaoImpl:18 - create: Client(id=null, name=Tim, age=30, phone=5551387333, email=test@email.com, about=null)
2023-01-22 16:27:00 DEBUG ClientService:18 - create: Client(id=null, name=Tim, age=30, phone=5551387333, email=test@email.com, about=null)
2023-01-22 16:27:00 DEBUG ClientDaoImpl:18 - create: Client(id=null, name=Tim, age=30, phone=5551387333, email=test@email.com, about=null)
2023-01-22 16:31:01 DEBUG ClientService:18 - create: Client(id=null, name=Tim2, age=31, phone=5551387334, email=test2@email.com, about=null)
2023-01-22 16:31:01 DEBUG ClientDaoImpl:18 - create: Client(id=null, name=Tim2, age=31, phone=5551387334, email=test2@email.com, about=null)
2023-01-22 16:31:04 DEBUG ClientService:31 - getById: 8
2023-01-22 16:31:04 DEBUG ClientDaoImpl:60 - getById: 8
2023-01-22 16:47:39 DEBUG ClientService:18 - create: Client(id=null, name=Tim212, age=31, phone=5551387334, email=test2-email.com, about=null)
2023-01-22 16:49:19 DEBUG ClientService:18 - create: Client(id=null, name=Tim212, age=31, phone=5551387334, email=test2@email.com, about=null)
2023-01-22 16:49:19 DEBUG ClientDaoImpl:18 - create: Client(id=null, name=Tim212, age=31, phone=5551387334, email=test2@email.com, about=null)
2023-01-22 16:49:58 DEBUG ClientService:18 - create: Client(id=null, name=Tim212, age=31, phone=5551387334, email=test2-email.com, about=null)
2023-01-22 16:50:46 DEBUG ClientService:18 - create: Client(id=null, name=Tim212345678901234567890, age=31, phone=5551387334, email=test2@email.com, about=null)
2023-01-22 16:57:53 DEBUG ClientService:18 - create: Client(id=null, name=Tim212345678901234567890, age=31, phone=5551387334, email=test2@email.com, about=null)
2023-01-22 17:00:11 DEBUG ClientService:18 - create: Client(id=null, name=Tim212345678901234567890, age=31, phone=5551387334, email=test2@email.com, about=null)
2023-01-22 17:19:35 DEBUG ClientService:18 - create: Client(id=null, name=Tim212345678901234567890, age=0, phone=null, email=null, about=null)
2023-01-23 15:17:40 DEBUG ClientService:18 - create: Client(id=null, name=Tim3, age=33, phone=5551387773, email=test3@email.com, about=null)
2023-01-23 15:17:40 DEBUG ClientDaoImpl:18 - create: Client(id=null, name=Tim3, age=33, phone=5551387773, email=test3@email.com, about=null)
2023-01-23 15:17:43 DEBUG ClientService:31 - getById: 10
2023-01-23 15:17:43 DEBUG ClientDaoImpl:60 - getById: 10
2023-01-24 12:39:40 DEBUG ClientService:18 - create: Client(id=null, name=Tim212345678901234567890, age=0, phone=null, email=null, about=null)
2023-01-24 12:40:52 DEBUG ClientService:18 - create: Client(id=null, name=Tim2123, age=0, phone=null, email=null, about=null)
2023-01-24 12:43:59 DEBUG ClientService:18 - create: Client(id=null, name=Tim2123, age=0, phone=null, email=null, about=null)
2023-01-24 13:12:10 DEBUG ClientService:18 - create: Client(id=null, name=Tim2123, age=34, phone=5551387774, email=test4@email.com, about=null)
2023-01-24 13:12:10 DEBUG ClientDaoImpl:18 - create: Client(id=null, name=Tim2123, age=34, phone=5551387774, email=test4@email.com, about=null)
2023-01-24 13:18:46 DEBUG ClientService:18 - create: Client(id=null, name=Tim212344444444444444444444444444444, age=34, phone=5551387774, email=test4@email.com, about=null)
2023-01-24 13:24:25 DEBUG ClientService:18 - create: Client(id=null, name=Tim212, age=34, phone=5551387774, email=test4@email.com, about=null)
2023-01-24 13:24:25 DEBUG ClientDaoImpl:18 - create: Client(id=null, name=Tim212, age=34, phone=5551387774, email=test4@email.com, about=null)
2023-01-24 13:24:54 DEBUG ClientService:18 - create: Client(id=null, name=Tim215, age=35, phone=5551387775, email=test5@email.com, about=null)
2023-01-24 13:24:54 DEBUG ClientDaoImpl:18 - create: Client(id=null, name=Tim215, age=35, phone=5551387775, email=test5@email.com, about=null)
2023-01-24 15:50:56 DEBUG ClientService:18 - create: Client(id=null, name=Tim216, age=36, phone=5551387776, email=test6@email.com, about=null)
2023-01-24 15:50:56 DEBUG ClientDaoImpl:18 - create: Client(id=null, name=Tim216, age=36, phone=5551387776, email=test6@email.com, about=null)
2023-01-24 15:54:42 DEBUG ClientService:18 - create: Client(id=null, name=Tim21677777777777777777, age=36, phone=5551387776, email=test6@email.com, about=null)
2023-01-24 16:01:20 DEBUG ClientService:18 - create: Client(id=null, name=Tim21677777777777777777, age=36, phone=5551387776, email=test6@email.com, about=null)
2023-01-24 16:04:38 DEBUG ClientService:18 - create: Client(id=null, name=Tim21677777777777777777, age=0, phone=null, email=null, about=null)
2023-01-24 16:08:00 DEBUG ClientService:18 - create: Client(id=null, name=null, age=0, phone=null, email=test2-email.com, about=null)
2023-01-24 16:11:56 DEBUG ClientService:18 - create: Client(id=null, name=Tim21677777777777777777, age=0, phone=null, email=null, about=null)
2023-01-24 16:12:20 DEBUG ClientService:18 - create: Client(id=null, name=null, age=0, phone=null, email=test2@email.com, about=null)
2023-01-24 16:13:10 DEBUG ClientService:18 - create: Client(id=null, name=Tim221, age=0, phone=null, email=test2-email.com, about=null)
2023-01-24 16:13:32 DEBUG ClientService:18 - create: Client(id=null, name=Tim222, age=0, phone=null, email=test2@email.com, about=null)
2023-01-24 16:13:32 DEBUG ClientDaoImpl:18 - create: Client(id=null, name=Tim222, age=0, phone=null, email=test2@email.com, about=null)
2023-01-24 16:14:08 DEBUG ClientService:18 - create: Client(id=null, name=Tim222, age=0, phone=null, email=test@email.com, about=null)
2023-01-24 16:14:08 DEBUG ClientDaoImpl:18 - create: Client(id=null, name=Tim222, age=0, phone=null, email=test@email.com, about=null)
2023-01-24 16:14:21 DEBUG ClientService:18 - create: Client(id=null, name=Tim222, age=0, phone=null, email=test2email.com, about=null)
2023-01-24 16:14:51 DEBUG ClientService:18 - create: Client(id=null, name=Tim222, age=0, phone=null, email=test2email.com, about=null)
2023-01-24 16:14:51 DEBUG ClientService:18 - create: Client(id=null, name=Tim4, age=34, phone=5551387774, email=test4@email.com, about=null)
2023-01-24 16:14:51 DEBUG ClientDaoImpl:18 - create: Client(id=null, name=Tim4, age=34, phone=5551387774, email=test4@email.com, about=null)
2023-01-24 16:14:55 DEBUG ClientService:18 - create: Client(id=null, name=Tim21677777777777777777, age=0, phone=null, email=null, about=null)
2023-01-24 16:22:45 DEBUG ClientService:18 - create: Client(id=null, name=Tim222, age=0, phone=null, email=test2email.com, about=null)
2023-01-24 16:22:45 DEBUG ClientService:18 - create: Client(id=null, name=Tim5, age=35, phone=5551387775, email=test5@email.com, about=null)
2023-01-24 16:22:45 DEBUG ClientDaoImpl:18 - create: Client(id=null, name=Tim5, age=35, phone=5551387775, email=test5@email.com, about=null)
2023-01-24 16:22:49 DEBUG ClientService:18 - create: Client(id=null, name=Tim21677777777777777777, age=0, phone=null, email=null, about=null)
2023-01-24 16:23:30 DEBUG ClientService:18 - create: Client(id=null, name=Tim222, age=0, phone=null, email=test2email.com, about=null)
2023-01-24 16:23:30 DEBUG ClientService:18 - create: Client(id=null, name=Tim5, age=35, phone=5551389995, email=test5@email.com, about=null)
2023-01-24 16:23:30 DEBUG ClientDaoImpl:18 - create: Client(id=null, name=Tim5, age=35, phone=5551389995, email=test5@email.com, about=null)
2023-01-24 16:23:33 DEBUG ClientService:18 - create: Client(id=null, name=Tim21677777777777777777, age=0, phone=null, email=null, about=null)
2023-01-24 16:23:56 DEBUG ClientService:18 - create: Client(id=null, name=Tim222, age=0, phone=null, email=test2email.com, about=null)
2023-01-24 16:23:56 DEBUG ClientService:18 - create: Client(id=null, name=Tim5, age=35, phone=5551389995, email=test15@email.com, about=null)
2023-01-24 16:23:56 DEBUG ClientDaoImpl:18 - create: Client(id=null, name=Tim5, age=35, phone=5551389995, email=test15@email.com, about=null)
2023-01-24 16:24:00 DEBUG ClientService:31 - getById: 19
2023-01-24 16:24:00 DEBUG ClientDaoImpl:60 - getById: 19
2023-01-24 16:24:00 DEBUG ClientService:18 - create: Client(id=null, name=Tim21677777777777777777, age=0, phone=null, email=null, about=null)
